<?xml version="1.0" encoding="UTF-8"?>
<!-- Generated by org.testng.reporters.JUnitXMLReporter -->
<testsuite hostname="MAVCHN1121264" ignored="0" name="Default test" tests="2" failures="0" timestamp="11 Nov 2024 15:00:53 GMT" time="213.784" errors="0">
  <testcase name="runScenario" time="118.325" classname="io.cucumber.testng.AbstractTestNGCucumberTests"/>
  <testcase name="runScenario" time="92.061" classname="io.cucumber.testng.AbstractTestNGCucumberTests"/>
</testsuite> <!-- Default test -->
