<?xml version="1.0" encoding="UTF-8"?>
<testng-results skipped="0" failed="0" ignored="0" total="2" passed="2">
  <reporter-output>
  </reporter-output>
  <suite name="Default suite" duration-ms="213784" started-at="2024-11-11T14:57:19Z" finished-at="2024-11-11T15:00:53Z">
    <groups>
      <group name="cucumber">
        <method signature="AbstractTestNGCucumberTests.runScenario(io.cucumber.testng.PickleWrapper, io.cucumber.testng.FeatureWrapper)[pri:0, instance:Runner.Runner@31a5c39e]" name="runScenario" class="io.cucumber.testng.AbstractTestNGCucumberTests"/>
      </group> <!-- cucumber -->
    </groups>
    <test name="Default test" duration-ms="213784" started-at="2024-11-11T14:57:19Z" finished-at="2024-11-11T15:00:53Z">
      <class name="Runner.Runner">
        <test-method status="PASS" signature="setUpClass(org.testng.ITestContext)[pri:0, instance:Runner.Runner@31a5c39e]" name="setUpClass" is-config="true" duration-ms="2899" started-at="2024-11-11T20:27:19Z" finished-at="2024-11-11T20:27:22Z">
          <params>
            <param index="0">
              <value>
                <![CDATA[org.testng.TestRunner@4a7761b1]]>
              </value>
            </param>
          </params>
          <reporter-output>
          </reporter-output>
        </test-method> <!-- setUpClass -->
        <test-method status="PASS" signature="runScenario(io.cucumber.testng.PickleWrapper, io.cucumber.testng.FeatureWrapper)[pri:0, instance:Runner.Runner@31a5c39e]" name="runScenario" duration-ms="118325" started-at="2024-11-11T20:27:22Z" description="Runs Cucumber Scenarios" data-provider="scenarios" finished-at="2024-11-11T20:29:21Z">
          <params>
            <param index="0">
              <value>
                <![CDATA["Addition of Two whole numbers"]]>
              </value>
            </param>
            <param index="1">
              <value>
                <![CDATA["Addition of Numbers"]]>
              </value>
            </param>
          </params>
          <reporter-output>
          </reporter-output>
        </test-method> <!-- runScenario -->
        <test-method status="PASS" signature="runScenario(io.cucumber.testng.PickleWrapper, io.cucumber.testng.FeatureWrapper)[pri:0, instance:Runner.Runner@31a5c39e]" name="runScenario" duration-ms="92061" started-at="2024-11-11T20:29:21Z" description="Runs Cucumber Scenarios" data-provider="scenarios" finished-at="2024-11-11T20:30:53Z">
          <params>
            <param index="0">
              <value>
                <![CDATA["Addition of Two whole numbers"]]>
              </value>
            </param>
            <param index="1">
              <value>
                <![CDATA["Addition of Numbers"]]>
              </value>
            </param>
          </params>
          <reporter-output>
          </reporter-output>
        </test-method> <!-- runScenario -->
        <test-method status="PASS" signature="tearDownClass()[pri:0, instance:Runner.Runner@31a5c39e]" name="tearDownClass" is-config="true" duration-ms="407" started-at="2024-11-11T20:30:53Z" finished-at="2024-11-11T20:30:53Z">
          <reporter-output>
          </reporter-output>
        </test-method> <!-- tearDownClass -->
      </class> <!-- Runner.Runner -->
    </test> <!-- Default test -->
  </suite> <!-- Default suite -->
</testng-results>
